Determining if the pthread_create exist failed with the following output:
Change Dir: /home/bhavnasud/ros_workspaces/robob-the-builder/build/CMakeFiles/CMakeTmp

Run Build Command:"/usr/bin/make" "cmTC_c695a/fast"
/usr/bin/make -f CMakeFiles/cmTC_c695a.dir/build.make CMakeFiles/cmTC_c695a.dir/build
make[1]: Entering directory '/home/bhavnasud/ros_workspaces/robob-the-builder/build/CMakeFiles/CMakeTmp'
Building C object CMakeFiles/cmTC_c695a.dir/CheckSymbolExists.c.o
/usr/bin/cc     -o CMakeFiles/cmTC_c695a.dir/CheckSymbolExists.c.o   -c /home/bhavnasud/ros_workspaces/robob-the-builder/build/CMakeFiles/CMakeTmp/CheckSymbolExists.c
Linking C executable cmTC_c695a
/usr/bin/cmake -E cmake_link_script CMakeFiles/cmTC_c695a.dir/link.txt --verbose=1
/usr/bin/cc       CMakeFiles/cmTC_c695a.dir/CheckSymbolExists.c.o  -o cmTC_c695a -rdynamic 
CMakeFiles/cmTC_c695a.dir/CheckSymbolExists.c.o: In function `main':
CheckSymbolExists.c:(.text+0x16): undefined reference to `pthread_create'
collect2: error: ld returned 1 exit status
CMakeFiles/cmTC_c695a.dir/build.make:97: recipe for target 'cmTC_c695a' failed
make[1]: *** [cmTC_c695a] Error 1
make[1]: Leaving directory '/home/bhavnasud/ros_workspaces/robob-the-builder/build/CMakeFiles/CMakeTmp'
Makefile:126: recipe for target 'cmTC_c695a/fast' failed
make: *** [cmTC_c695a/fast] Error 2

File /home/bhavnasud/ros_workspaces/robob-the-builder/build/CMakeFiles/CMakeTmp/CheckSymbolExists.c:
/* */
#include <pthread.h>

int main(int argc, char** argv)
{
  (void)argv;
#ifndef pthread_create
  return ((int*)(&pthread_create))[argc];
#else
  (void)argc;
  return 0;
#endif
}

Determining if the function pthread_create exists in the pthreads failed with the following output:
Change Dir: /home/bhavnasud/ros_workspaces/robob-the-builder/build/CMakeFiles/CMakeTmp

Run Build Command:"/usr/bin/make" "cmTC_14246/fast"
/usr/bin/make -f CMakeFiles/cmTC_14246.dir/build.make CMakeFiles/cmTC_14246.dir/build
make[1]: Entering directory '/home/bhavnasud/ros_workspaces/robob-the-builder/build/CMakeFiles/CMakeTmp'
Building C object CMakeFiles/cmTC_14246.dir/CheckFunctionExists.c.o
/usr/bin/cc    -DCHECK_FUNCTION_EXISTS=pthread_create   -o CMakeFiles/cmTC_14246.dir/CheckFunctionExists.c.o   -c /usr/share/cmake-3.5/Modules/CheckFunctionExists.c
Linking C executable cmTC_14246
/usr/bin/cmake -E cmake_link_script CMakeFiles/cmTC_14246.dir/link.txt --verbose=1
/usr/bin/cc   -DCHECK_FUNCTION_EXISTS=pthread_create    CMakeFiles/cmTC_14246.dir/CheckFunctionExists.c.o  -o cmTC_14246 -rdynamic -lpthreads 
/usr/bin/ld: cannot find -lpthreads
collect2: error: ld returned 1 exit status
CMakeFiles/cmTC_14246.dir/build.make:97: recipe for target 'cmTC_14246' failed
make[1]: *** [cmTC_14246] Error 1
make[1]: Leaving directory '/home/bhavnasud/ros_workspaces/robob-the-builder/build/CMakeFiles/CMakeTmp'
Makefile:126: recipe for target 'cmTC_14246/fast' failed
make: *** [cmTC_14246/fast] Error 2


